[23Apr2020 17:16:37.644] [main/INFO] [cpw.mods.modlauncher.Launcher/MODLAUNCHER]: ModLauncher running: args [--gameDir, ., --launchTarget, fmluserdevclient, --fml.mcpVersion, 20200122.131323, --fml.mcVersion, 1.15.2, --fml.forgeGroup, net.minecraftforge, --fml.forgeVersion, 31.1.9, --version, MOD_DEV, --assetIndex, 1.15, --assetsDir, /Users/school/.gradle/caches/forge_gradle/assets, --username, Dev, --accessToken, ❄❄❄❄❄❄❄❄, --userProperties, {}]
[23Apr2020 17:16:37.661] [main/INFO] [cpw.mods.modlauncher.Launcher/MODLAUNCHER]: ModLauncher 5.0.0-milestone.4+67+b1a340b starting: java version 1.8.0_242 by BellSoft
[23Apr2020 17:16:38.203] [main/INFO] [net.minecraftforge.fml.loading.FixSSL/CORE]: Added Lets Encrypt root certificates as additional trust
[23Apr2020 17:16:42.834] [main/INFO] [cpw.mods.modlauncher.LaunchServiceHandler/MODLAUNCHER]: Launching target 'fmluserdevclient' with arguments [--version, MOD_DEV, --gameDir, ., --assetsDir, /Users/school/.gradle/caches/forge_gradle/assets, --assetIndex, 1.15, --username, Dev, --accessToken, ❄❄❄❄❄❄❄❄, --userProperties, {}]
[23Apr2020 17:16:52.696] [Render thread/INFO] [net.minecraft.client.Minecraft/]: Setting user: Dev
[23Apr2020 17:17:26.954] [Render thread/INFO] [net.minecraft.client.Minecraft/]: Backend library: LWJGL version 3.2.1 build 12
[23Apr2020 17:17:29.588] [Render thread/FATAL] [net.minecraftforge.fml.ModLoader/CORE]: Error during pre-loading phase
net.minecraftforge.fml.ModLoadingException: Mod §etap§r requires §6curios§r §o1.0.6 or above, and below 2.0.0§r
§7Currently, §6curios§r§7 is §o§nnot installed
	at net.minecraftforge.fml.ModLoadingException.lambda$fromEarlyException$0(ModLoadingException.java:63) ~[forge-1.15.2-31.1.9_mapped_snapshot_20200314-1.15.1.jar:?]
	at java.util.stream.ReferencePipeline$3$1.accept(ReferencePipeline.java:193) ~[?:1.8.0_242]
	at java.util.ArrayList$ArrayListSpliterator.forEachRemaining(ArrayList.java:1382) ~[?:1.8.0_242]
	at java.util.stream.AbstractPipeline.copyInto(AbstractPipeline.java:482) ~[?:1.8.0_242]
	at java.util.stream.AbstractPipeline.wrapAndCopyInto(AbstractPipeline.java:472) ~[?:1.8.0_242]
	at java.util.stream.ForEachOps$ForEachOp.evaluateSequential(ForEachOps.java:150) ~[?:1.8.0_242]
	at java.util.stream.ForEachOps$ForEachOp$OfRef.evaluateSequential(ForEachOps.java:173) ~[?:1.8.0_242]
	at java.util.stream.AbstractPipeline.evaluate(AbstractPipeline.java:234) ~[?:1.8.0_242]
	at java.util.stream.ReferencePipeline.forEach(ReferencePipeline.java:485) ~[?:1.8.0_242]
	at java.util.stream.ReferencePipeline$7$1.accept(ReferencePipeline.java:272) ~[?:1.8.0_242]
	at java.util.ArrayList$ArrayListSpliterator.forEachRemaining(ArrayList.java:1382) ~[?:1.8.0_242]
	at java.util.stream.AbstractPipeline.copyInto(AbstractPipeline.java:482) ~[?:1.8.0_242]
	at java.util.stream.AbstractPipeline.wrapAndCopyInto(AbstractPipeline.java:472) ~[?:1.8.0_242]
	at java.util.stream.ReduceOps$ReduceOp.evaluateSequential(ReduceOps.java:708) ~[?:1.8.0_242]
	at java.util.stream.AbstractPipeline.evaluate(AbstractPipeline.java:234) ~[?:1.8.0_242]
	at java.util.stream.ReferencePipeline.collect(ReferencePipeline.java:566) ~[?:1.8.0_242]
	at net.minecraftforge.fml.ModLoader.<init>(ModLoader.java:117) ~[forge-1.15.2-31.1.9_mapped_snapshot_20200314-1.15.1.jar:?]
	at net.minecraftforge.fml.ModLoader.get(ModLoader.java:146) ~[forge-1.15.2-31.1.9_mapped_snapshot_20200314-1.15.1.jar:?]
	at net.minecraftforge.fml.client.ClientModLoader.lambda$begin$2(ClientModLoader.java:97) ~[forge-1.15.2-31.1.9_mapped_snapshot_20200314-1.15.1.jar:?]
	at net.minecraftforge.fml.client.ClientModLoader.lambda$createRunnableWithCatch$5(ClientModLoader.java:113) ~[forge-1.15.2-31.1.9_mapped_snapshot_20200314-1.15.1.jar:?]
	at net.minecraftforge.fml.client.ClientModLoader.begin(ClientModLoader.java:97) ~[forge-1.15.2-31.1.9_mapped_snapshot_20200314-1.15.1.jar:?]
	at net.minecraft.client.Minecraft.<init>(Minecraft.java:393) ~[forge-1.15.2-31.1.9_mapped_snapshot_20200314-1.15.1.jar:?]
	at net.minecraft.client.main.Main.main(SourceFile:166) ~[forge-1.15.2-31.1.9_mapped_snapshot_20200314-1.15.1.jar:?]
	at sun.reflect.NativeMethodAccessorImpl.invoke0(Native Method) ~[?:1.8.0_242]
	at sun.reflect.NativeMethodAccessorImpl.invoke(NativeMethodAccessorImpl.java:62) ~[?:1.8.0_242]
	at sun.reflect.DelegatingMethodAccessorImpl.invoke(DelegatingMethodAccessorImpl.java:43) ~[?:1.8.0_242]
	at java.lang.reflect.Method.invoke(Method.java:498) ~[?:1.8.0_242]
	at net.minecraftforge.userdev.FMLUserdevClientLaunchProvider.lambda$launchService$0(FMLUserdevClientLaunchProvider.java:55) ~[forge-1.15.2-31.1.9_mapped_snapshot_20200314-1.15.1.jar:?]
	at cpw.mods.modlauncher.LaunchServiceHandlerDecorator.launch(LaunchServiceHandlerDecorator.java:37) [modlauncher-5.0.0-milestone.4.jar:?]
	at cpw.mods.modlauncher.LaunchServiceHandler.launch(LaunchServiceHandler.java:54) [modlauncher-5.0.0-milestone.4.jar:?]
	at cpw.mods.modlauncher.LaunchServiceHandler.launch(LaunchServiceHandler.java:72) [modlauncher-5.0.0-milestone.4.jar:?]
	at cpw.mods.modlauncher.Launcher.run(Launcher.java:81) [modlauncher-5.0.0-milestone.4.jar:?]
	at cpw.mods.modlauncher.Launcher.main(Launcher.java:65) [modlauncher-5.0.0-milestone.4.jar:?]
	at net.minecraftforge.userdev.LaunchTesting.main(LaunchTesting.java:102) [forge-1.15.2-31.1.9_mapped_snapshot_20200314-1.15.1.jar:?]
[23Apr2020 17:17:29.652] [Render thread/FATAL] [net.minecraftforge.eventbus.EventBus/EVENTBUS]: EventBus 0 shutting down - future events will not be posted.
java.lang.Exception: stacktrace
	at net.minecraftforge.eventbus.EventBus.shutdown(EventBus.java:278) ~[eventbus-2.0.0-milestone.1-service.jar:?]
	at net.minecraftforge.fml.client.ClientModLoader.lambda$createRunnableWithCatch$5(ClientModLoader.java:115) ~[forge-1.15.2-31.1.9_mapped_snapshot_20200314-1.15.1.jar:?]
	at net.minecraftforge.fml.client.ClientModLoader.begin(ClientModLoader.java:97) ~[forge-1.15.2-31.1.9_mapped_snapshot_20200314-1.15.1.jar:?]
	at net.minecraft.client.Minecraft.<init>(Minecraft.java:393) ~[forge-1.15.2-31.1.9_mapped_snapshot_20200314-1.15.1.jar:?]
	at net.minecraft.client.main.Main.main(SourceFile:166) ~[forge-1.15.2-31.1.9_mapped_snapshot_20200314-1.15.1.jar:?]
	at sun.reflect.NativeMethodAccessorImpl.invoke0(Native Method) ~[?:1.8.0_242]
	at sun.reflect.NativeMethodAccessorImpl.invoke(NativeMethodAccessorImpl.java:62) ~[?:1.8.0_242]
	at sun.reflect.DelegatingMethodAccessorImpl.invoke(DelegatingMethodAccessorImpl.java:43) ~[?:1.8.0_242]
	at java.lang.reflect.Method.invoke(Method.java:498) ~[?:1.8.0_242]
	at net.minecraftforge.userdev.FMLUserdevClientLaunchProvider.lambda$launchService$0(FMLUserdevClientLaunchProvider.java:55) ~[forge-1.15.2-31.1.9_mapped_snapshot_20200314-1.15.1.jar:?]
	at cpw.mods.modlauncher.LaunchServiceHandlerDecorator.launch(LaunchServiceHandlerDecorator.java:37) [modlauncher-5.0.0-milestone.4.jar:?]
	at cpw.mods.modlauncher.LaunchServiceHandler.launch(LaunchServiceHandler.java:54) [modlauncher-5.0.0-milestone.4.jar:?]
	at cpw.mods.modlauncher.LaunchServiceHandler.launch(LaunchServiceHandler.java:72) [modlauncher-5.0.0-milestone.4.jar:?]
	at cpw.mods.modlauncher.Launcher.run(Launcher.java:81) [modlauncher-5.0.0-milestone.4.jar:?]
	at cpw.mods.modlauncher.Launcher.main(Launcher.java:65) [modlauncher-5.0.0-milestone.4.jar:?]
	at net.minecraftforge.userdev.LaunchTesting.main(LaunchTesting.java:102) [forge-1.15.2-31.1.9_mapped_snapshot_20200314-1.15.1.jar:?]
[23Apr2020 17:17:36.935] [Render thread/INFO] [net.minecraft.resources.SimpleReloadableResourceManager/]: Reloading ResourceManager: Default, Mod Resources
[23Apr2020 17:17:56.584] [Server-Worker-3/ERROR] [net.minecraftforge.fml.ModLoader/LOADING]: Skipping lifecycle event SETUP, 1 errors found.
[23Apr2020 17:17:56.585] [Server-Worker-3/FATAL] [net.minecraftforge.fml.ModLoader/LOADING]: Failed to complete lifecycle event SETUP, 1 errors found
[23Apr2020 17:17:56.585] [Server-Worker-3/FATAL] [net.minecraftforge.eventbus.EventBus/EVENTBUS]: EventBus 0 shutting down - future events will not be posted.
java.lang.Exception: stacktrace
	at net.minecraftforge.eventbus.EventBus.shutdown(EventBus.java:278) ~[eventbus-2.0.0-milestone.1-service.jar:?]
	at net.minecraftforge.fml.client.ClientModLoader.lambda$createRunnableWithCatch$5(ClientModLoader.java:115) ~[?:?]
	at net.minecraftforge.fml.client.ClientModLoader.startModLoading(ClientModLoader.java:123) ~[?:?]
	at net.minecraftforge.fml.client.ClientModLoader.lambda$onreload$3(ClientModLoader.java:105) ~[?:?]
	at net.minecraftforge.fml.client.ClientModLoader.lambda$createRunnableWithCatch$5(ClientModLoader.java:113) ~[?:?]
	at java.util.concurrent.CompletableFuture$AsyncRun.run(CompletableFuture.java:1640) [?:1.8.0_242]
	at java.util.concurrent.CompletableFuture$AsyncRun.exec(CompletableFuture.java:1632) [?:1.8.0_242]
	at java.util.concurrent.ForkJoinTask.doExec(ForkJoinTask.java:289) [?:1.8.0_242]
	at java.util.concurrent.ForkJoinPool$WorkQueue.runTask(ForkJoinPool.java:1056) [?:1.8.0_242]
	at java.util.concurrent.ForkJoinPool.runWorker(ForkJoinPool.java:1692) [?:1.8.0_242]
	at java.util.concurrent.ForkJoinWorkerThread.run(ForkJoinWorkerThread.java:157) [?:1.8.0_242]
[23Apr2020 17:18:04.725] [Server-Worker-1/ERROR] [net.minecraftforge.fml.ModLoader/LOADING]: Skipping lifecycle event ENQUEUE_IMC, 1 errors found.
[23Apr2020 17:18:04.726] [Server-Worker-1/FATAL] [net.minecraftforge.fml.ModLoader/LOADING]: Failed to complete lifecycle event ENQUEUE_IMC, 1 errors found
[23Apr2020 17:18:04.726] [Server-Worker-1/FATAL] [net.minecraftforge.eventbus.EventBus/EVENTBUS]: EventBus 0 shutting down - future events will not be posted.
java.lang.Exception: stacktrace
	at net.minecraftforge.eventbus.EventBus.shutdown(EventBus.java:278) ~[eventbus-2.0.0-milestone.1-service.jar:?]
	at net.minecraftforge.fml.client.ClientModLoader.lambda$createRunnableWithCatch$5(ClientModLoader.java:115) ~[?:?]
	at net.minecraftforge.fml.client.ClientModLoader.finishModLoading(ClientModLoader.java:137) ~[?:?]
	at net.minecraftforge.fml.client.ClientModLoader.lambda$onreload$4(ClientModLoader.java:107) ~[?:?]
	at java.util.concurrent.CompletableFuture.uniRun(CompletableFuture.java:719) [?:1.8.0_242]
	at java.util.concurrent.CompletableFuture$UniRun.tryFire(CompletableFuture.java:701) [?:1.8.0_242]
	at java.util.concurrent.CompletableFuture$Completion.exec(CompletableFuture.java:457) [?:1.8.0_242]
	at java.util.concurrent.ForkJoinTask.doExec(ForkJoinTask.java:289) [?:1.8.0_242]
	at java.util.concurrent.ForkJoinPool$WorkQueue.runTask(ForkJoinPool.java:1056) [?:1.8.0_242]
	at java.util.concurrent.ForkJoinPool.runWorker(ForkJoinPool.java:1692) [?:1.8.0_242]
	at java.util.concurrent.ForkJoinWorkerThread.run(ForkJoinWorkerThread.java:157) [?:1.8.0_242]
[23Apr2020 17:18:05.239] [Render thread/INFO] [net.minecraft.client.audio.SoundSystem/]: OpenAL initialized.
[23Apr2020 17:18:05.246] [Render thread/INFO] [net.minecraft.client.audio.SoundEngine/SOUNDS]: Sound engine started
[23Apr2020 17:18:05.974] [Render thread/INFO] [net.minecraft.client.renderer.texture.AtlasTexture/]: Created: 1024x512x4 minecraft:textures/atlas/blocks.png-atlas
[23Apr2020 17:18:06.011] [Render thread/INFO] [net.minecraft.client.renderer.texture.AtlasTexture/]: Created: 128x128x4 minecraft:textures/atlas/signs.png-atlas
[23Apr2020 17:18:06.011] [Render thread/INFO] [net.minecraft.client.renderer.texture.AtlasTexture/]: Created: 512x512x4 minecraft:textures/atlas/banner_patterns.png-atlas
[23Apr2020 17:18:06.014] [Render thread/INFO] [net.minecraft.client.renderer.texture.AtlasTexture/]: Created: 512x512x4 minecraft:textures/atlas/shield_patterns.png-atlas
[23Apr2020 17:18:06.021] [Render thread/INFO] [net.minecraft.client.renderer.texture.AtlasTexture/]: Created: 256x256x4 minecraft:textures/atlas/chest.png-atlas
[23Apr2020 17:18:06.022] [Render thread/INFO] [net.minecraft.client.renderer.texture.AtlasTexture/]: Created: 512x256x4 minecraft:textures/atlas/beds.png-atlas
[23Apr2020 17:18:06.023] [Render thread/INFO] [net.minecraft.client.renderer.texture.AtlasTexture/]: Created: 512x256x4 minecraft:textures/atlas/shulker_boxes.png-atlas
[23Apr2020 17:18:07.133] [Render thread/INFO] [net.minecraft.client.renderer.texture.AtlasTexture/]: Created: 256x256x0 minecraft:textures/atlas/particles.png-atlas
[23Apr2020 17:18:07.136] [Render thread/INFO] [net.minecraft.client.renderer.texture.AtlasTexture/]: Created: 256x256x0 minecraft:textures/atlas/paintings.png-atlas
[23Apr2020 17:18:07.136] [Render thread/INFO] [net.minecraft.client.renderer.texture.AtlasTexture/]: Created: 128x128x0 minecraft:textures/atlas/mob_effects.png-atlas
[23Apr2020 17:18:43.776] [Render thread/INFO] [net.minecraft.client.Minecraft/]: Stopping!
